\BOOKMARK [0][-]{chapter*.1}{Resumen}{}% 1
\BOOKMARK [0][-]{chapter.1}{Introducci\363n}{}% 2
\BOOKMARK [0][-]{chapter.2}{Marco Referencial}{}% 3
\BOOKMARK [1][-]{section.2.1}{Marco conceptual}{chapter.2}% 4
\BOOKMARK [2][-]{subsection.2.1.1}{Definici\363n del \341rea del problema}{section.2.1}% 5
\BOOKMARK [2][-]{subsection.2.1.2}{Estado del Arte}{section.2.1}% 6
\BOOKMARK [2][-]{subsection.2.1.3}{Comparaci\363n entre t\351cnicas y herramientas existentes}{section.2.1}% 7
\BOOKMARK [0][-]{chapter.3}{Definici\363n del Problema y An\341lisis}{}% 8
\BOOKMARK [1][-]{section.3.1}{Definici\363n del problema}{chapter.3}% 9
\BOOKMARK [2][-]{subsection.3.1.1}{Sistema actual y naturaleza del cambio}{section.3.1}% 10
\BOOKMARK [2][-]{subsection.3.1.2}{Metodolog\355a}{section.3.1}% 11
\BOOKMARK [1][-]{section.3.2}{Soluci\363n propuesta}{chapter.3}% 12
\BOOKMARK [2][-]{subsection.3.2.1}{Objetivos}{section.3.2}% 13
\BOOKMARK [2][-]{subsection.3.2.2}{Especificaci\363n de requerimientos}{section.3.2}% 14
\BOOKMARK [2][-]{subsection.3.2.3}{Tipos de Usuarios}{section.3.2}% 15
\BOOKMARK [2][-]{subsection.3.2.4}{Modelo de Conceptual}{section.3.2}% 16
\BOOKMARK [2][-]{subsection.3.2.5}{Diagrama de Casos de Usos}{section.3.2}% 17
\BOOKMARK [2][-]{subsection.3.2.6}{Casos de Usos Expandidos}{section.3.2}% 18
\BOOKMARK [2][-]{subsection.3.2.7}{Diagramas de Secuencias}{section.3.2}% 19
\BOOKMARK [2][-]{subsection.3.2.8}{Diagramas de Estados}{section.3.2}% 20
\BOOKMARK [0][-]{chapter.4}{Dise\361o}{}% 21
\BOOKMARK [1][-]{section.4.1}{Dise\361o del sistema a implementar}{chapter.4}% 22
\BOOKMARK [2][-]{subsection.4.1.1}{Dise\361o arquitect\363nico}{section.4.1}% 23
\BOOKMARK [2][-]{subsection.4.1.2}{Dise\361o de interfaz}{section.4.1}% 24
\BOOKMARK [2][-]{subsection.4.1.3}{Dise\361o l\363gico}{section.4.1}% 25
\BOOKMARK [2][-]{subsection.4.1.4}{Dise\361o de datos}{section.4.1}% 26
\BOOKMARK [2][-]{subsection.4.1.5}{Dise\361o de pruebas}{section.4.1}% 27
\BOOKMARK [0][-]{chapter.5}{Implementaci\363n}{}% 28
\BOOKMARK [1][-]{section.5.1}{Herramientas de Software}{chapter.5}% 29
\BOOKMARK [1][-]{section.5.2}{Hardware de Desarrollo}{chapter.5}% 30
\BOOKMARK [1][-]{section.5.3}{Lenguajes de Programaci\363n}{chapter.5}% 31
\BOOKMARK [1][-]{section.5.4}{Framework}{chapter.5}% 32
\BOOKMARK [1][-]{section.5.5}{Interfaces del Sistema}{chapter.5}% 33
\BOOKMARK [0][-]{chapter.6}{Conclusi\363n}{}% 34
\BOOKMARK [0][-]{chapter*.37}{Bibliograf\355a}{}% 35
